<?xml version="1.0" encoding="UTF-8"?>
<!-- Generated by org.testng.reporters.JUnitReportReporter -->
<testsuite hostname="svprasad-PC" name="com.qtpselenium.suite.productdisplay.TestCase_C1" tests="4" failures="4" timestamp="12 Jun 2014 11:12:42 GMT" time="0.003" errors="0">
  <testcase name="testcaseC1" time="0.001" classname="com.qtpselenium.suite.productdisplay.TestCase_C1"/>
  <testcase name="testcaseC1" time="0.001" classname="com.qtpselenium.suite.productdisplay.TestCase_C1"/>
  <testcase name="testcaseC1" time="0.001" classname="com.qtpselenium.suite.productdisplay.TestCase_C1"/>
  <testcase name="testcaseC1" time="0.000" classname="com.qtpselenium.suite.productdisplay.TestCase_C1"/>
</testsuite> <!-- com.qtpselenium.suite.productdisplay.TestCase_C1 -->
