<?xml version="1.0" encoding="UTF-8"?>
<!-- Generated by org.testng.reporters.JUnitReportReporter -->
<testsuite hostname="svprasad-PC" name="com.qtpselenium.suite.cart.CheckTotal" tests="1" failures="1" timestamp="12 Jun 2014 11:12:42 GMT" time="0.000" errors="0">
  <testcase name="testcaseCartTotal" time="0.000" classname="com.qtpselenium.suite.cart.CheckTotal"/>
</testsuite> <!-- com.qtpselenium.suite.cart.CheckTotal -->
