<?xml version="1.0" encoding="UTF-8"?>
<!-- Generated by org.testng.reporters.JUnitReportReporter -->
<testsuite hostname="svprasad-PC" name="com.qtpselenium.suite.cart.TestCase_B2" tests="1" failures="1" timestamp="12 Jun 2014 11:12:42 GMT" time="0.001" errors="0">
  <testcase name="testcaseB2" time="0.001" classname="com.qtpselenium.suite.cart.TestCase_B2"/>
</testsuite> <!-- com.qtpselenium.suite.cart.TestCase_B2 -->
